<?xml version="1.0" encoding="UTF-8"?>
<robot generator="Robot 6.1.1 (Python 3.11.3 on win32)" generated="20240402 23:18:06.147" rpa="false" schemaversion="4">
<suite id="s1" name="TestScenario3" source="C:\Users\ASUS\Documents\Automation\DerIv-Assessment\Tests\API\TestScenario3.robot">
<test id="s1-t1" name="Test WebSocket States List" line="12">
<kw name="Create Session" library="RequestsLibrary">
<arg>my_websocket_session</arg>
<arg>${WEBSOCKET_URL}</arg>
<doc>Create Session: create a HTTP session to a server</doc>
<msg timestamp="20240402 23:18:06.307" level="INFO">Creating Session using : alias=my_websocket_session, url=https://api.deriv.com, headers={},                     cookies={}, auth=None, timeout=None, proxies=None, verify=False,                     debug=0 </msg>
<status status="PASS" starttime="20240402 23:18:06.306" endtime="20240402 23:18:06.310"/>
</kw>
<kw name="GET On Session" library="RequestsLibrary">
<var>${response}</var>
<arg>my_websocket_session</arg>
<arg>${ENDPOINT}</arg>
<doc>Sends a GET request on a previously created HTTP Session.</doc>
<msg timestamp="20240402 23:18:06.504" level="INFO">GET Request : url=https://api.deriv.com/api-explorer#states_list 
 path_url=/api-explorer 
 headers={'User-Agent': 'python-requests/2.31.0', 'Accept-Encoding': 'gzip, deflate', 'Accept': '*/*', 'Connection': 'keep-alive'} 
 body=None 
 </msg>
<msg timestamp="20240402 23:18:06.504" level="INFO">GET Response : url=https://api.deriv.com/api-explorer#states_list 
 status=200, reason=OK 
 headers={'Date': 'Tue, 02 Apr 2024 15:18:07 GMT', 'Content-Type': 'text/html; charset=utf-8', 'Transfer-Encoding': 'chunked', 'Connection': 'keep-alive', 'Access-Control-Allow-Origin': '*', 'Cache-Control': 'public, max-age=0, must-revalidate', 'Link': '&lt;https://www.googletagmanager.com&gt;; rel="preconnect", &lt;/assets/js/runtime~main.b0e28570.js&gt;; rel="preload"; as=script, &lt;/assets/js/main.bfe1f613.js&gt;; rel="preload"; as=script', 'referrer-policy': 'strict-origin-when-cross-origin', 'x-content-type-options': 'nosniff', 'Report-To': '{"endpoints":[{"url":"https:\\/\\/a.nel.cloudflare.com\\/report\\/v4?s=hk7UgpW5%2FEtnoDt%2Bv421nYr7IJdgo8EMxZ07Pm4LWKuLNrLEJCAySmPGrad%2FvTNsz4iyQ%2BlQPKtPNlYxMx4ohHo5tNohdhhhqBTLQIcZRev7U6c7enQximCMq8BpOZrrK2NDsxzVRVzwK99B"}],"group":"cf-nel","max_age":604800}', 'NEL': '{"success_fraction":0,"report_to":"cf-nel","max_age":604800}', 'Vary': 'Accept-Encoding', 'CF-Cache-Status': 'DYNAMIC', 'Set-Cookie': '__cf_bm=Ig1bDp2lXgr0S._nrDm2V11_liC2EA0lB0.a5baEAqs-1712071087-1.0.1.1-Xp90Q8VacIf6qR8Ma0JIEnuL_4cJ4Ip.2gAH0QXK2j6pf4.sc_XJmXJf4vUA3hkpA0xDmJdQsX93_ZbGBGC9jg; path=/; expires=Tue, 02-Apr-24 15:48:07 GMT; domain=.deriv.com; HttpOnly; Secure; SameSite=None', 'Strict-Transport-Security': 'max-age=15552000; includeSubDomains; preload', 'Accept-CH': 'Sec-CH-UA-Platform-Version, Sec-CH-UA-Model', 'Cross-Origin-Opener-Policy': 'same-origin-allow-popups', 'Server': 'cloudflare', 'CF-RAY': '86e1ca273ca013d8-KUL', 'Content-Encoding': 'gzip', 'alt-svc': 'h3=":443"; ma=86400'} 
 body=&lt;!doctype html&gt;
&lt;html lang="en" dir="ltr" class="plugin-pages plugin-id-default"&gt;
&lt;head&gt;
&lt;meta charset="UTF-8"&gt;
&lt;meta name="generator" content="Docusaurus v2.4.0"&gt;
&lt;title data-rh="true"&gt;API Explorer | Deriv API&lt;/title&gt;&lt;meta data-rh="true" name="viewport" content="width=device-width,initial-scale=1"&gt;&lt;meta data-rh="true" name="twitter:card" content="summary_large_image"&gt;&lt;meta data-rh="true" property="og:url" content="https://binary-com.github.io/api-explorer"&gt;&lt;meta data-rh="true" name="docusaurus_locale" content="en"&gt;&lt;meta data-rh="true" name="docusaurus_tag" content="default"&gt;&lt;meta data-rh="true" name="docsearch:language" content="en"&gt;&lt;meta data-rh="true" name="docsearch:docusaurus_tag" content="default"&gt;&lt;meta data-rh="true" property="og:title" content="API Explorer | Deriv API"&gt;&lt;meta data-rh="true" name="description" content="Deriv API documentation"&gt;&lt;meta data-rh="true" property="og:description" content="Deriv API documentation"&gt;&lt;link data-rh="true" rel="icon" href="/img/favicon.png"&gt;&lt;link data-rh="true" rel="canonical" href="https://binary-com.github.io/api-explorer"&gt;&lt;link data-rh="true" rel="alternate" href="https://binary-com.github.io/api-explorer" hreflang="en"&gt;&lt;link data-rh="true" rel="alternate" href="https://binary-com.github.io/api-explorer" hreflang="x-default"&gt;&lt;link rel="preconnect" href="https://www.googletagmanager.com"&gt;
&lt;script&gt;window.dataLayer=window.dataLayer||[]&lt;/script&gt;
&lt;script&gt;!function(e,t,a,n,g){e[n]=e[n]||[],e[n].push({"gtm.start":(new Date).getTime(),event:"gtm.js"});var m=t.getElementsByTagName(a)[0],r=t.createElement(a);r.async=!0,r.src="https://www.googletagmanager.com/gtm.js?id=GTM-NF7884S",m.parentNode.insertBefore(r,m)}(window,document,"script","dataLayer")&lt;/script&gt;&lt;link rel="stylesheet" href="/assets/css/styles.2b6a5e7c.css"&gt;
&lt;link rel="preload" href="/assets/js/runtime~main.b0e28570.js" as="script"&gt;
&lt;link rel="preload" href="/assets/js/main.bfe1f613.js" as="script"&gt;
&lt;/head&gt;
&lt;body class="navigation-with-keyboard"&gt;
&lt;noscript&gt;&lt;iframe src="https://www.googletagmanager.com/ns.html?id=GTM-NF7884S" height="0" width="0" style="display:none;visibility:hidden"&gt;&lt;/iframe&gt;&lt;/noscript&gt;

&lt;script&gt;!function(){function t(t){document.documentElement.setAttribute("data-theme",t)}var e=function(){var t=null;try{t=new URLSearchParams(window.location.search).get("docusaurus-theme")}catch(t){}return t}()||function(){var t=null;try{t=localStorage.getItem("theme")}catch(t){}return t}();t(null!==e?e:"light")}()&lt;/script&gt;&lt;div id="__docusaurus"&gt;
&lt;div class="unofficial-host"&gt;&lt;div role="region" aria-label="Skip to main content"&gt;&lt;a class="skipToContent_fXgn" href="#docusaurus_skipToContent_fallback"&gt;Skip to main content&lt;/a&gt;&lt;/div&gt;&lt;nav aria-label="Main" class="navbar navbar--fixed-top"&gt;&lt;div class="navbar__inner"&gt;&lt;div class="navbar__items"&gt;&lt;button aria-label="Toggle navigation bar" aria-expanded="false" class="navbar__toggle clean-btn" type="button"&gt;&lt;svg width="30" height="30" viewBox="0 0 30 30" aria-hidden="true"&gt;&lt;path stroke="currentColor" stroke-linecap="round" stroke-miterlimit="10" stroke-width="2" d="M4 7h22M4 15h22M4 23h22"&gt;&lt;/path&gt;&lt;/svg&gt;&lt;/button&gt;&lt;a class="navbar__item navbar__link" href="/docs/intro"&gt;Documentation&lt;/a&gt;&lt;/div&gt;&lt;div class="navbar__items navbar__items--right"&gt;&lt;a class="navbar__item navbar__link"&gt;&lt;/a&gt;&lt;div class="searchBox_ZlJk"&gt;&lt;div class="navbar__search searchBarContainer_NW3z"&gt;&lt;input placeholder="Search" aria-label="Search" class="navbar__search-input"&gt;&lt;div class="loadingRing_RJI3 searchBarLoadingRing_YnHq"&gt;&lt;div&gt;&lt;/div&gt;&lt;div&gt;&lt;/div&gt;&lt;div&gt;&lt;/div&gt;&lt;div&gt;&lt;/div&gt;&lt;/div&gt;&lt;/div&gt;&lt;/div&gt;&lt;/div&gt;&lt;/div&gt;&lt;div role="presentation" class="navbar-sidebar__backdrop"&gt;&lt;/div&gt;&lt;/nav&gt;&lt;div id="docusaurus_skipToContent_fallback" class="main-wrapper mainWrapper_eExm"&gt;&lt;main&gt;&lt;div class="playgroundContent_MaPP"&gt;&lt;div&gt;&lt;h1 class="c-PJLV c-PJLV-bFknjC-color-prominent c-PJLV-cmVlgk-align-left c-PJLV-htUyqg-type-heading-2 heading_p2DD"&gt;API Explorer&lt;/h1&gt;&lt;div class="pageWrapper_gawn"&gt;&lt;div class="playground_WZFp"&gt;&lt;div class="playgroundPageWrapper_IwDk"&gt;&lt;div class="playgroundApiJson_OGcv"&gt;&lt;div&gt;&lt;div class="dropdown_t05l"&gt;&lt;div class="dropdownBtn_oWra"&gt;&lt;span&gt;Select API Call - Version 3&lt;/span&gt;&lt;span class="arrow_bbwe"&gt;&lt;/span&gt;&lt;/div&gt;&lt;/div&gt;&lt;/div&gt;&lt;div&gt;&lt;div class="playgroundBox_yUeb"&gt;&lt;div class="formContent_Cjyw"&gt;&lt;label for="playground-request" class="inlineLabel_zbdK"&gt;Request JSON&lt;/label&gt;&lt;textarea id="playground-request" class="textareaRequest_wH_A playgroundRequest_tjRc" placeholder="Request JSON"&gt;&lt;/textarea&gt;&lt;div&gt;&lt;div class="btnWrapper_rA_f"&gt;&lt;button disabled="" class="c-hZhDRo c-hZhDRo-dVVGEb-size-medium c-hZhDRo-iSclJx-color-primary"&gt;Send Request&lt;/button&gt;&lt;button disabled="" class="c-hZhDRo c-hZhDRo-dVVGEb-size-medium c-hZhDRo-jzlOQW-color-secondary c-hZhDRo-hAGwoU-cv"&gt;Clear&lt;/button&gt;&lt;/div&gt;&lt;div id="playground-console" class="playgroundConsole_Qo99"&gt;&lt;/div&gt;&lt;/div&gt;&lt;/div&gt;&lt;/div&gt;&lt;/div&gt;&lt;/div&gt;&lt;/div&gt;&lt;/div&gt;&lt;/div&gt;&lt;/div&gt;&lt;div&gt;&lt;footer class="FooterContainer_IbXn"&gt;&lt;section class="FooterBody_CGOu"&gt;&lt;h3 class="c-PJLV c-PJLV-bFknjC-color-prominent c-PJLV-gjdJOs-align-center c-PJLV-jgQOzt-type-subtitle-1 FooterContent_l0dh"&gt;Get connected&lt;/h3&gt;&lt;p class="FooterBodyContent_XhA5"&gt;Discuss ideas and share solutions with developers worldwide.&lt;/p&gt;&lt;div class="Communities_qKkz"&gt;&lt;a href="https://deriv.vanillacommunity.com/" target="_blank" rel="noreferrer" class="communityButton_jTu2"&gt;&lt;span&gt;Join our community&lt;/span&gt;&lt;/a&gt;&lt;/div&gt;&lt;/section&gt;&lt;section class="FooterBody_CGOu"&gt;&lt;h3 class="c-PJLV c-PJLV-bFknjC-color-prominent c-PJLV-gjdJOs-align-center c-PJLV-jgQOzt-type-subtitle-1 FooterContent_l0dh"&gt;We&amp;#x27;re here to help&lt;/h3&gt;&lt;p class="c-PJLV c-PJLV-bFknjC-color-prominent c-PJLV-gjdJOs-align-center c-PJLV-bTpoif-type-paragraph-1 FooterBodyContentEmail_UBB4"&gt;Email us at&lt;!-- --&gt; &lt;a class="Email_KnZN" href="/cdn-cgi/l/email-protection#6203120b4f111712120d1016220607100b144c010d0f"&gt;&lt;span class="__cf_email__" data-cfemail="aacbdac387d9dfdadac5d8deeacecfd8c3dc84c9c5c7"&gt;[email&amp;#160;protected]&lt;/span&gt;&lt;/a&gt;&lt;/p&gt;&lt;p class="c-PJLV c-PJLV-bFknjC-color-prominent c-PJLV-gjdJOs-align-center c-PJLV-bTpoif-type-paragraph-1 FooterBodyContentEmail_UBB4"&gt;if you have any questions.&lt;/p&gt;&lt;/section&gt;&lt;/footer&gt;&lt;/div&gt;&lt;/div&gt;&lt;/main&gt;&lt;/div&gt;&lt;/div&gt;&lt;/div&gt;
&lt;script data-cfasync="false" src="/cdn-cgi/scripts/5c5dd728/cloudflare-static/email-decode.min.js"&gt;&lt;/script&gt;&lt;script src="/assets/js/runtime~main.b0e28570.js"&gt;&lt;/script&gt;
&lt;script src="/assets/js/main.bfe1f613.js"&gt;&lt;/script&gt;
&lt;/body&gt;
&lt;/html&gt; 
 </msg>
<msg timestamp="20240402 23:18:06.505" level="INFO">C:\Users\ASUS\AppData\Local\Programs\Python\Python311\Lib\site-packages\urllib3\connectionpool.py:1095: InsecureRequestWarning: Unverified HTTPS request is being made to host 'api.deriv.com'. Adding certificate verification is strongly advised. See: https://urllib3.readthedocs.io/en/latest/advanced-usage.html#tls-warnings
  warnings.warn(</msg>
<msg timestamp="20240402 23:18:06.505" level="INFO">${response} = &lt;Response [200]&gt;</msg>
<status status="PASS" starttime="20240402 23:18:06.311" endtime="20240402 23:18:06.506"/>
</kw>
<kw name="Validate Response">
<arg>${response}</arg>
<kw name="Should Be Equal As Strings" library="BuiltIn">
<arg>${response.status_code}</arg>
<arg>200</arg>
<doc>Fails if objects are unequal after converting them to strings.</doc>
<msg timestamp="20240402 23:18:06.508" level="INFO">Argument types are:
&lt;class 'int'&gt;
&lt;class 'str'&gt;</msg>
<status status="PASS" starttime="20240402 23:18:06.507" endtime="20240402 23:18:06.508"/>
</kw>
<kw name="Run Keyword And Expect Error" library="BuiltIn">
<arg>Should Not Be Empty</arg>
<arg>${response}</arg>
<doc>Runs the keyword and checks that the expected error occurred.</doc>
<msg timestamp="20240402 23:18:06.510" level="FAIL">Keyword name must be a string.</msg>
<status status="FAIL" starttime="20240402 23:18:06.508" endtime="20240402 23:18:06.510"/>
</kw>
<kw name="Should Match Regexp" library="BuiltIn">
<arg>${response}</arg>
<arg>${EXPECTED_PATTERN}</arg>
<doc>Fails if ``string`` does not match ``pattern`` as a regular expression.</doc>
<status status="NOT RUN" starttime="20240402 23:18:06.510" endtime="20240402 23:18:06.510"/>
</kw>
<status status="FAIL" starttime="20240402 23:18:06.506" endtime="20240402 23:18:06.511"/>
</kw>
<doc>Test WebSocket API for States List</doc>
<status status="FAIL" starttime="20240402 23:18:06.305" endtime="20240402 23:18:06.511">Keyword name must be a string.</status>
</test>
<status status="FAIL" starttime="20240402 23:18:06.151" endtime="20240402 23:18:06.512"/>
</suite>
<statistics>
<total>
<stat pass="0" fail="1" skip="0">All Tests</stat>
</total>
<tag>
</tag>
<suite>
<stat pass="0" fail="1" skip="0" id="s1" name="TestScenario3">TestScenario3</stat>
</suite>
</statistics>
<errors>
</errors>
</robot>
