<?xml version="1.0" encoding="UTF-8"?>
<robot generator="Robot 6.1.1 (Python 3.11.3 on win32)" generated="20240403 00:42:17.714" rpa="false" schemaversion="4">
<suite id="s1" name="TestScenario1" source="C:\Users\ASUS\Documents\Automation\DerIv-Assessment\tests\web\TestScenario1.robot">
<kw name="Begin Web Test" library="Common" type="SETUP">
<arg>${Browser}</arg>
<doc>Begin Web test by Open &amp; Maximize Browser screen</doc>
<kw name="Open Browser" library="SeleniumLibrary">
<arg>about:blank</arg>
<arg>${BROWSER}</arg>
<doc>Opens a new browser instance to the optional ``url``.</doc>
<msg timestamp="20240403 00:42:17.943" level="INFO">Opening browser 'Chrome' to base url 'about:blank'.</msg>
<status status="PASS" starttime="20240403 00:42:17.943" endtime="20240403 00:42:19.710"/>
</kw>
<kw name="Maximize Browser Window" library="SeleniumLibrary">
<doc>Maximizes current browser window.</doc>
<status status="PASS" starttime="20240403 00:42:19.710" endtime="20240403 00:42:19.859"/>
</kw>
<status status="PASS" starttime="20240403 00:42:17.942" endtime="20240403 00:42:19.859"/>
</kw>
<test id="s1-t1" name="Login to OrangeHRM" line="16">
<kw name="Log" library="BuiltIn">
<arg>'Start Login to the Orange HRM Portal'</arg>
<doc>Logs the given message with the given level.</doc>
<msg timestamp="20240403 00:42:19.861" level="INFO">'Start Login to the Orange HRM Portal'</msg>
<status status="PASS" starttime="20240403 00:42:19.860" endtime="20240403 00:42:19.861"/>
</kw>
<kw name="Load Page" library="OrangeHRM">
<arg>${URL}</arg>
<kw name="Load" library="OrangeHRMHomePage">
<arg>${URL}</arg>
<kw name="Go To" library="SeleniumLibrary">
<arg>${URL}</arg>
<doc>Navigates the current browser window to the provided ``url``.</doc>
<msg timestamp="20240403 00:42:19.863" level="INFO">Opening url 'https://opensource-demo.orangehrmlive.com/web/index.php/auth/login'</msg>
<status status="PASS" starttime="20240403 00:42:19.863" endtime="20240403 00:42:22.593"/>
</kw>
<status status="PASS" starttime="20240403 00:42:19.862" endtime="20240403 00:42:22.593"/>
</kw>
<status status="PASS" starttime="20240403 00:42:19.861" endtime="20240403 00:42:22.593"/>
</kw>
<kw name="Verify Home Page" library="OrangeHRM">
<kw name="Verify Home Page Is Loaded" library="OrangeHRMHomePage">
<kw name="Wait Until Page Contains Element" library="SeleniumLibrary">
<arg>css:img[data-v-17f5fb62][alt='company-branding']</arg>
<arg>timeout=10s</arg>
<arg>error=Image not found</arg>
<doc>Waits until the element ``locator`` appears on the current page.</doc>
<status status="PASS" starttime="20240403 00:42:22.595" endtime="20240403 00:42:23.153"/>
</kw>
<status status="PASS" starttime="20240403 00:42:22.595" endtime="20240403 00:42:23.153"/>
</kw>
<status status="PASS" starttime="20240403 00:42:22.594" endtime="20240403 00:42:23.153"/>
</kw>
<kw name="Capture Screenshot" library="Common">
<arg>Home Page</arg>
<doc>Capture a screenshot and save it to the output directory</doc>
<kw name="Set Variable" library="BuiltIn">
<var>${screenshot_path}</var>
<arg>${output_dir}/screenshot_${description}.png</arg>
<doc>Returns the given values which can then be assigned to a variables.</doc>
<msg timestamp="20240403 00:42:23.156" level="INFO">${screenshot_path} = ../../Results//screenshot_Home Page.png</msg>
<status status="PASS" starttime="20240403 00:42:23.155" endtime="20240403 00:42:23.156"/>
</kw>
<kw name="Capture Page Screenshot" library="SeleniumLibrary">
<arg>${screenshot_path}</arg>
<doc>Takes a screenshot of the current page and embeds it into a log file.</doc>
<msg timestamp="20240403 00:42:23.683" level="INFO" html="true">&lt;/td&gt;&lt;/tr&gt;&lt;tr&gt;&lt;td colspan="3"&gt;&lt;a href="../../Results/screenshot_Home%20Page.png"&gt;&lt;img src="../../Results/screenshot_Home%20Page.png" width="800px"&gt;&lt;/a&gt;</msg>
<status status="PASS" starttime="20240403 00:42:23.156" endtime="20240403 00:42:23.683"/>
</kw>
<kw name="Log" library="BuiltIn">
<arg>Saved screenshot: ${screenshot_path}</arg>
<doc>Logs the given message with the given level.</doc>
<msg timestamp="20240403 00:42:23.683" level="INFO">Saved screenshot: ../../Results//screenshot_Home Page.png</msg>
<status status="PASS" starttime="20240403 00:42:23.683" endtime="20240403 00:42:23.683"/>
</kw>
<status status="PASS" starttime="20240403 00:42:23.154" endtime="20240403 00:42:23.683"/>
</kw>
<kw name="Login into Admin Portal" library="OrangeHRM">
<arg>Admin</arg>
<arg>admin123</arg>
<kw name="Login into Admin Portal" library="OrangeHRMHomePage">
<arg>${USERNAME}</arg>
<arg>${PASSWORD}</arg>
<kw name="Element Should Be Enabled" library="SeleniumLibrary">
<arg>name=username</arg>
<doc>Verifies that element identified by ``locator`` is enabled.</doc>
<status status="PASS" starttime="20240403 00:42:23.684" endtime="20240403 00:42:23.720"/>
</kw>
<kw name="Element Should Be Enabled" library="SeleniumLibrary">
<arg>name=password</arg>
<doc>Verifies that element identified by ``locator`` is enabled.</doc>
<status status="PASS" starttime="20240403 00:42:23.720" endtime="20240403 00:42:23.755"/>
</kw>
<kw name="Input Text" library="SeleniumLibrary">
<arg>name=username</arg>
<arg>${USERNAME}</arg>
<doc>Types the given ``text`` into the text field identified by ``locator``.</doc>
<msg timestamp="20240403 00:42:23.755" level="INFO">Typing text 'Admin' into text field 'name=username'.</msg>
<status status="PASS" starttime="20240403 00:42:23.755" endtime="20240403 00:42:23.849"/>
</kw>
<kw name="Input Text" library="SeleniumLibrary">
<arg>name=password</arg>
<arg>${PASSWORD}</arg>
<doc>Types the given ``text`` into the text field identified by ``locator``.</doc>
<msg timestamp="20240403 00:42:23.850" level="INFO">Typing text 'admin123' into text field 'name=password'.</msg>
<status status="PASS" starttime="20240403 00:42:23.849" endtime="20240403 00:42:23.975"/>
</kw>
<kw name="Wait Until Element Is Enabled" library="SeleniumLibrary">
<arg>xpath=//button[text()=' Login ']</arg>
<arg>timeout=10s</arg>
<arg>error=Login button not found</arg>
<doc>Waits until the element ``locator`` is enabled.</doc>
<status status="PASS" starttime="20240403 00:42:23.975" endtime="20240403 00:42:24.012"/>
</kw>
<kw name="Press Keys" library="SeleniumLibrary">
<arg>xpath=//button[text()=' Login ']</arg>
<arg>ENTER</arg>
<doc>Simulates the user pressing key(s) to an element or on the active browser.</doc>
<msg timestamp="20240403 00:42:24.013" level="INFO">Sending key(s) ('ENTER',) to xpath=//button[text()=' Login '] element.</msg>
<msg timestamp="20240403 00:42:26.098" level="INFO">Pressing special key ENTER to element.</msg>
<msg timestamp="20240403 00:42:26.098" level="INFO">Releasing special key ENTER.</msg>
<status status="PASS" starttime="20240403 00:42:24.012" endtime="20240403 00:42:26.108"/>
</kw>
<status status="PASS" starttime="20240403 00:42:23.684" endtime="20240403 00:42:26.108"/>
</kw>
<status status="PASS" starttime="20240403 00:42:23.684" endtime="20240403 00:42:26.108"/>
</kw>
<kw name="Verify Admin Portal Page" library="OrangeHRM">
<arg>Dashboard</arg>
<kw name="Verify Admin Page Is Loaded" library="OrangeHRMHomePage">
<arg>${PageText}</arg>
<kw name="Wait Until Page Contains Element" library="SeleniumLibrary">
<arg>xpath=//*[text()='${element_Text}']</arg>
<arg>timeout=10s</arg>
<arg>error=Element not found</arg>
<doc>Waits until the element ``locator`` appears on the current page.</doc>
<status status="PASS" starttime="20240403 00:42:26.109" endtime="20240403 00:42:26.567"/>
</kw>
<status status="PASS" starttime="20240403 00:42:26.109" endtime="20240403 00:42:26.568"/>
</kw>
<status status="PASS" starttime="20240403 00:42:26.109" endtime="20240403 00:42:26.568"/>
</kw>
<kw name="Capture Screenshot" library="Common">
<arg>Admin Portal Page</arg>
<doc>Capture a screenshot and save it to the output directory</doc>
<kw name="Set Variable" library="BuiltIn">
<var>${screenshot_path}</var>
<arg>${output_dir}/screenshot_${description}.png</arg>
<doc>Returns the given values which can then be assigned to a variables.</doc>
<msg timestamp="20240403 00:42:26.569" level="INFO">${screenshot_path} = ../../Results//screenshot_Admin Portal Page.png</msg>
<status status="PASS" starttime="20240403 00:42:26.569" endtime="20240403 00:42:26.569"/>
</kw>
<kw name="Capture Page Screenshot" library="SeleniumLibrary">
<arg>${screenshot_path}</arg>
<doc>Takes a screenshot of the current page and embeds it into a log file.</doc>
<msg timestamp="20240403 00:42:26.921" level="INFO" html="true">&lt;/td&gt;&lt;/tr&gt;&lt;tr&gt;&lt;td colspan="3"&gt;&lt;a href="../../Results/screenshot_Admin%20Portal%20Page.png"&gt;&lt;img src="../../Results/screenshot_Admin%20Portal%20Page.png" width="800px"&gt;&lt;/a&gt;</msg>
<status status="PASS" starttime="20240403 00:42:26.569" endtime="20240403 00:42:26.921"/>
</kw>
<kw name="Log" library="BuiltIn">
<arg>Saved screenshot: ${screenshot_path}</arg>
<doc>Logs the given message with the given level.</doc>
<msg timestamp="20240403 00:42:26.921" level="INFO">Saved screenshot: ../../Results//screenshot_Admin Portal Page.png</msg>
<status status="PASS" starttime="20240403 00:42:26.921" endtime="20240403 00:42:26.921"/>
</kw>
<status status="PASS" starttime="20240403 00:42:26.569" endtime="20240403 00:42:26.921"/>
</kw>
<doc>Login Page- Authenticate Successfull</doc>
<tag>Test Case 1</tag>
<status status="PASS" starttime="20240403 00:42:19.859" endtime="20240403 00:42:26.922"/>
</test>
<test id="s1-t2" name="Logout OrangeHRM Portal" line="35">
<kw name="Logout Admn Portal" library="OrangeHRM">
<kw name="Click Profile Icon" library="OrangeHRMHomePage">
<kw name="Click Element" library="SeleniumLibrary">
<arg>xpath=//div[contains(@class, 'oxd-topbar-header-userarea')]</arg>
<doc>Click the element identified by ``locator``.</doc>
<msg timestamp="20240403 00:42:26.923" level="INFO">Clicking element 'xpath=//div[contains(@class, 'oxd-topbar-header-userarea')]'.</msg>
<status status="PASS" starttime="20240403 00:42:26.923" endtime="20240403 00:42:26.976"/>
</kw>
<status status="PASS" starttime="20240403 00:42:26.923" endtime="20240403 00:42:26.976"/>
</kw>
<kw name="Click Logout button" library="OrangeHRMHomePage">
<kw name="Click Link" library="SeleniumLibrary">
<arg>Logout</arg>
<doc>Clicks a link identified by ``locator``.</doc>
<msg timestamp="20240403 00:42:26.976" level="INFO">Clicking link 'Logout'.</msg>
<status status="PASS" starttime="20240403 00:42:26.976" endtime="20240403 00:42:28.080"/>
</kw>
<status status="PASS" starttime="20240403 00:42:26.976" endtime="20240403 00:42:28.080"/>
</kw>
<status status="PASS" starttime="20240403 00:42:26.923" endtime="20240403 00:42:28.080"/>
</kw>
<kw name="Verify Home Page" library="OrangeHRM">
<kw name="Verify Home Page Is Loaded" library="OrangeHRMHomePage">
<kw name="Wait Until Page Contains Element" library="SeleniumLibrary">
<arg>css:img[data-v-17f5fb62][alt='company-branding']</arg>
<arg>timeout=10s</arg>
<arg>error=Image not found</arg>
<doc>Waits until the element ``locator`` appears on the current page.</doc>
<status status="PASS" starttime="20240403 00:42:28.080" endtime="20240403 00:42:28.522"/>
</kw>
<status status="PASS" starttime="20240403 00:42:28.080" endtime="20240403 00:42:28.522"/>
</kw>
<status status="PASS" starttime="20240403 00:42:28.080" endtime="20240403 00:42:28.522"/>
</kw>
<doc>Logout</doc>
<tag>Test Case 3</tag>
<status status="PASS" starttime="20240403 00:42:26.922" endtime="20240403 00:42:28.522"/>
</test>
<kw name="End Web Test" library="Common" type="TEARDOWN">
<doc>End and Close the Browser</doc>
<kw name="Close Browser" library="SeleniumLibrary">
<doc>Closes the current browser.</doc>
<status status="PASS" starttime="20240403 00:42:28.524" endtime="20240403 00:42:30.768"/>
</kw>
<status status="PASS" starttime="20240403 00:42:28.524" endtime="20240403 00:42:30.768"/>
</kw>
<doc>This is a basic login to OrangeHRM assert the page and then logout and assert the home page</doc>
<status status="PASS" starttime="20240403 00:42:17.716" endtime="20240403 00:42:30.768"/>
</suite>
<statistics>
<total>
<stat pass="2" fail="0" skip="0">All Tests</stat>
</total>
<tag>
<stat pass="1" fail="0" skip="0">Test Case 1</stat>
<stat pass="1" fail="0" skip="0">Test Case 3</stat>
</tag>
<suite>
<stat pass="2" fail="0" skip="0" id="s1" name="TestScenario1">TestScenario1</stat>
</suite>
</statistics>
<errors>
</errors>
</robot>
